function v4(options, buf, offset) {
  if (_native.default.randomUUID && !buf && !options) {
    return _native.default.randomUUID();
  }

  options = options || {};

  const rnds = options.random || (options.rng || _rng.default)(); // Per 4.4, set bits for version and `clock_seq_hi_and_reserved`


  rnds[6] = rnds[6] & 0x0f | 0x40;
  rnds[8] = rnds[8] & 0x3f | 0x80; // Copy bytes to buffer, if provided

  if (buf) {
    offset = offset || 0;

    for (let i = 0; i < 16; ++i) {
      buf[offset + i] = rnds[i];
    }

    return buf;
  }

  return (0, _stringify.unsafeStringify)(rnds);
} 2023-06-01 18:04:31:431 [37mdebug[39m :[37mServer is listening @ host http://localhost:5010[39m
function v4(options, buf, offset) {
  if (_native.default.randomUUID && !buf && !options) {
    return _native.default.randomUUID();
  }

  options = options || {};

  const rnds = options.random || (options.rng || _rng.default)(); // Per 4.4, set bits for version and `clock_seq_hi_and_reserved`


  rnds[6] = rnds[6] & 0x0f | 0x40;
  rnds[8] = rnds[8] & 0x3f | 0x80; // Copy bytes to buffer, if provided

  if (buf) {
    offset = offset || 0;

    for (let i = 0; i < 16; ++i) {
      buf[offset + i] = rnds[i];
    }

    return buf;
  }

  return (0, _stringify.unsafeStringify)(rnds);
} 2023-06-01 18:08:46:846 [37mdebug[39m :[37mServer is listening @ host http://localhost:5010[39m
function v4(options, buf, offset) {
  if (_native.default.randomUUID && !buf && !options) {
    return _native.default.randomUUID();
  }

  options = options || {};

  const rnds = options.random || (options.rng || _rng.default)(); // Per 4.4, set bits for version and `clock_seq_hi_and_reserved`


  rnds[6] = rnds[6] & 0x0f | 0x40;
  rnds[8] = rnds[8] & 0x3f | 0x80; // Copy bytes to buffer, if provided

  if (buf) {
    offset = offset || 0;

    for (let i = 0; i < 16; ++i) {
      buf[offset + i] = rnds[i];
    }

    return buf;
  }

  return (0, _stringify.unsafeStringify)(rnds);
} 2023-06-01 18:10:56:1056 [37mdebug[39m :[37mServer is listening @ host http://localhost:5010[39m
function v4(options, buf, offset) {
  if (_native.default.randomUUID && !buf && !options) {
    return _native.default.randomUUID();
  }

  options = options || {};

  const rnds = options.random || (options.rng || _rng.default)(); // Per 4.4, set bits for version and `clock_seq_hi_and_reserved`


  rnds[6] = rnds[6] & 0x0f | 0x40;
  rnds[8] = rnds[8] & 0x3f | 0x80; // Copy bytes to buffer, if provided

  if (buf) {
    offset = offset || 0;

    for (let i = 0; i < 16; ++i) {
      buf[offset + i] = rnds[i];
    }

    return buf;
  }

  return (0, _stringify.unsafeStringify)(rnds);
} 2023-06-01 18:11:28:1128 [37mdebug[39m :[37mServer is listening @ host http://localhost:5010[39m
2023-06-01 18:12:20:1220 [37mdebug[39m :[37mServer is listening @ host http://localhost:5010[39m
2023-06-01 18:21:02:212 [37mdebug[39m :[37mServer is listening @ host http://localhost:5010[39m
2023-06-01 18:21:34:2134 [37mdebug[39m :[37mServer is listening @ host http://localhost:5010[39m
2023-06-01 18:24:11:2411 [31merror[39m :[31mThis is error message[39m
2023-06-01 18:24:11:2411 [33mwarn[39m :[33mThis is warn message[39m
2023-06-01 18:24:11:2411 [34minfo[39m :[34mThis is info message[39m
2023-06-01 18:24:11:2411 [32mhttp[39m :[32mThis is http message[39m
2023-06-01 18:24:11:2411 [37mdebug[39m :[37mThis is debug message[39m
2023-06-01 18:28:56:2856 [37mdebug[39m :[37mServer is listening @ host http://localhost:5010[39m
2023-06-01 18:29:02:292 [31merror[39m :[31mThis is error message[39m
2023-06-01 18:29:02:292 [33mwarn[39m :[33mThis is warn message[39m
2023-06-01 18:29:02:292 [34minfo[39m :[34mThis is info message[39m
2023-06-01 18:29:02:292 [32mhttp[39m :[32mThis is http message[39m
2023-06-01 18:29:02:292 [37mdebug[39m :[37mThis is debug message[39m
2023-06-01 18:35:15:3515 [37mdebug[39m :[37mServer is listening @ host http://localhost:5010[39m
2023-06-01 18:35:24:3524 [31merror[39m :[31mThis is error message[39m
2023-06-01 18:35:24:3524 [33mwarn[39m :[33mThis is warn message[39m
2023-06-01 18:35:24:3524 [34minfo[39m :[34mThis is info message[39m
2023-06-01 18:35:24:3524 [32mhttp[39m :[32mThis is http message[39m
2023-06-01 18:35:24:3524 [37mdebug[39m :[37mThis is debug message[39m
function v4(options, buf, offset) {
  if (_native.default.randomUUID && !buf && !options) {
    return _native.default.randomUUID();
  }

  options = options || {};

  const rnds = options.random || (options.rng || _rng.default)(); // Per 4.4, set bits for version and `clock_seq_hi_and_reserved`


  rnds[6] = rnds[6] & 0x0f | 0x40;
  rnds[8] = rnds[8] & 0x3f | 0x80; // Copy bytes to buffer, if provided

  if (buf) {
    offset = offset || 0;

    for (let i = 0; i < 16; ++i) {
      buf[offset + i] = rnds[i];
    }

    return buf;
  }

  return (0, _stringify.unsafeStringify)(rnds);
} 2023-06-01 18:35:45:3545 [37mdebug[39m :[37mServer is listening @ host http://localhost:5010[39m
function v4(options, buf, offset) {
  if (_native.default.randomUUID && !buf && !options) {
    return _native.default.randomUUID();
  }

  options = options || {};

  const rnds = options.random || (options.rng || _rng.default)(); // Per 4.4, set bits for version and `clock_seq_hi_and_reserved`


  rnds[6] = rnds[6] & 0x0f | 0x40;
  rnds[8] = rnds[8] & 0x3f | 0x80; // Copy bytes to buffer, if provided

  if (buf) {
    offset = offset || 0;

    for (let i = 0; i < 16; ++i) {
      buf[offset + i] = rnds[i];
    }

    return buf;
  }

  return (0, _stringify.unsafeStringify)(rnds);
} 2023-06-01 18:35:55:3555 [31merror[39m :[31mThis is error message[39m
function v4(options, buf, offset) {
  if (_native.default.randomUUID && !buf && !options) {
    return _native.default.randomUUID();
  }

  options = options || {};

  const rnds = options.random || (options.rng || _rng.default)(); // Per 4.4, set bits for version and `clock_seq_hi_and_reserved`


  rnds[6] = rnds[6] & 0x0f | 0x40;
  rnds[8] = rnds[8] & 0x3f | 0x80; // Copy bytes to buffer, if provided

  if (buf) {
    offset = offset || 0;

    for (let i = 0; i < 16; ++i) {
      buf[offset + i] = rnds[i];
    }

    return buf;
  }

  return (0, _stringify.unsafeStringify)(rnds);
} 2023-06-01 18:35:55:3555 [33mwarn[39m :[33mThis is warn message[39m
function v4(options, buf, offset) {
  if (_native.default.randomUUID && !buf && !options) {
    return _native.default.randomUUID();
  }

  options = options || {};

  const rnds = options.random || (options.rng || _rng.default)(); // Per 4.4, set bits for version and `clock_seq_hi_and_reserved`


  rnds[6] = rnds[6] & 0x0f | 0x40;
  rnds[8] = rnds[8] & 0x3f | 0x80; // Copy bytes to buffer, if provided

  if (buf) {
    offset = offset || 0;

    for (let i = 0; i < 16; ++i) {
      buf[offset + i] = rnds[i];
    }

    return buf;
  }

  return (0, _stringify.unsafeStringify)(rnds);
} 2023-06-01 18:35:55:3555 [34minfo[39m :[34mThis is info message[39m
function v4(options, buf, offset) {
  if (_native.default.randomUUID && !buf && !options) {
    return _native.default.randomUUID();
  }

  options = options || {};

  const rnds = options.random || (options.rng || _rng.default)(); // Per 4.4, set bits for version and `clock_seq_hi_and_reserved`


  rnds[6] = rnds[6] & 0x0f | 0x40;
  rnds[8] = rnds[8] & 0x3f | 0x80; // Copy bytes to buffer, if provided

  if (buf) {
    offset = offset || 0;

    for (let i = 0; i < 16; ++i) {
      buf[offset + i] = rnds[i];
    }

    return buf;
  }

  return (0, _stringify.unsafeStringify)(rnds);
} 2023-06-01 18:35:55:3555 [32mhttp[39m :[32mThis is http message[39m
function v4(options, buf, offset) {
  if (_native.default.randomUUID && !buf && !options) {
    return _native.default.randomUUID();
  }

  options = options || {};

  const rnds = options.random || (options.rng || _rng.default)(); // Per 4.4, set bits for version and `clock_seq_hi_and_reserved`


  rnds[6] = rnds[6] & 0x0f | 0x40;
  rnds[8] = rnds[8] & 0x3f | 0x80; // Copy bytes to buffer, if provided

  if (buf) {
    offset = offset || 0;

    for (let i = 0; i < 16; ++i) {
      buf[offset + i] = rnds[i];
    }

    return buf;
  }

  return (0, _stringify.unsafeStringify)(rnds);
} 2023-06-01 18:35:55:3555 [37mdebug[39m :[37mThis is debug message[39m
function v4(options, buf, offset) {
  if (_native.default.randomUUID && !buf && !options) {
    return _native.default.randomUUID();
  }

  options = options || {};

  const rnds = options.random || (options.rng || _rng.default)(); // Per 4.4, set bits for version and `clock_seq_hi_and_reserved`


  rnds[6] = rnds[6] & 0x0f | 0x40;
  rnds[8] = rnds[8] & 0x3f | 0x80; // Copy bytes to buffer, if provided

  if (buf) {
    offset = offset || 0;

    for (let i = 0; i < 16; ++i) {
      buf[offset + i] = rnds[i];
    }

    return buf;
  }

  return (0, _stringify.unsafeStringify)(rnds);
} 2023-06-01 18:36:03:363 [31merror[39m :[31mThis is error message[39m
function v4(options, buf, offset) {
  if (_native.default.randomUUID && !buf && !options) {
    return _native.default.randomUUID();
  }

  options = options || {};

  const rnds = options.random || (options.rng || _rng.default)(); // Per 4.4, set bits for version and `clock_seq_hi_and_reserved`


  rnds[6] = rnds[6] & 0x0f | 0x40;
  rnds[8] = rnds[8] & 0x3f | 0x80; // Copy bytes to buffer, if provided

  if (buf) {
    offset = offset || 0;

    for (let i = 0; i < 16; ++i) {
      buf[offset + i] = rnds[i];
    }

    return buf;
  }

  return (0, _stringify.unsafeStringify)(rnds);
} 2023-06-01 18:36:03:363 [33mwarn[39m :[33mThis is warn message[39m
function v4(options, buf, offset) {
  if (_native.default.randomUUID && !buf && !options) {
    return _native.default.randomUUID();
  }

  options = options || {};

  const rnds = options.random || (options.rng || _rng.default)(); // Per 4.4, set bits for version and `clock_seq_hi_and_reserved`


  rnds[6] = rnds[6] & 0x0f | 0x40;
  rnds[8] = rnds[8] & 0x3f | 0x80; // Copy bytes to buffer, if provided

  if (buf) {
    offset = offset || 0;

    for (let i = 0; i < 16; ++i) {
      buf[offset + i] = rnds[i];
    }

    return buf;
  }

  return (0, _stringify.unsafeStringify)(rnds);
} 2023-06-01 18:36:03:363 [34minfo[39m :[34mThis is info message[39m
function v4(options, buf, offset) {
  if (_native.default.randomUUID && !buf && !options) {
    return _native.default.randomUUID();
  }

  options = options || {};

  const rnds = options.random || (options.rng || _rng.default)(); // Per 4.4, set bits for version and `clock_seq_hi_and_reserved`


  rnds[6] = rnds[6] & 0x0f | 0x40;
  rnds[8] = rnds[8] & 0x3f | 0x80; // Copy bytes to buffer, if provided

  if (buf) {
    offset = offset || 0;

    for (let i = 0; i < 16; ++i) {
      buf[offset + i] = rnds[i];
    }

    return buf;
  }

  return (0, _stringify.unsafeStringify)(rnds);
} 2023-06-01 18:36:03:363 [32mhttp[39m :[32mThis is http message[39m
function v4(options, buf, offset) {
  if (_native.default.randomUUID && !buf && !options) {
    return _native.default.randomUUID();
  }

  options = options || {};

  const rnds = options.random || (options.rng || _rng.default)(); // Per 4.4, set bits for version and `clock_seq_hi_and_reserved`


  rnds[6] = rnds[6] & 0x0f | 0x40;
  rnds[8] = rnds[8] & 0x3f | 0x80; // Copy bytes to buffer, if provided

  if (buf) {
    offset = offset || 0;

    for (let i = 0; i < 16; ++i) {
      buf[offset + i] = rnds[i];
    }

    return buf;
  }

  return (0, _stringify.unsafeStringify)(rnds);
} 2023-06-01 18:36:03:363 [37mdebug[39m :[37mThis is debug message[39m
function v4(options, buf, offset) {
  if (_native.default.randomUUID && !buf && !options) {
    return _native.default.randomUUID();
  }

  options = options || {};

  const rnds = options.random || (options.rng || _rng.default)(); // Per 4.4, set bits for version and `clock_seq_hi_and_reserved`


  rnds[6] = rnds[6] & 0x0f | 0x40;
  rnds[8] = rnds[8] & 0x3f | 0x80; // Copy bytes to buffer, if provided

  if (buf) {
    offset = offset || 0;

    for (let i = 0; i < 16; ++i) {
      buf[offset + i] = rnds[i];
    }

    return buf;
  }

  return (0, _stringify.unsafeStringify)(rnds);
} 2023-06-01 18:36:12:3612 [31merror[39m :[31mThis is error message[39m
function v4(options, buf, offset) {
  if (_native.default.randomUUID && !buf && !options) {
    return _native.default.randomUUID();
  }

  options = options || {};

  const rnds = options.random || (options.rng || _rng.default)(); // Per 4.4, set bits for version and `clock_seq_hi_and_reserved`


  rnds[6] = rnds[6] & 0x0f | 0x40;
  rnds[8] = rnds[8] & 0x3f | 0x80; // Copy bytes to buffer, if provided

  if (buf) {
    offset = offset || 0;

    for (let i = 0; i < 16; ++i) {
      buf[offset + i] = rnds[i];
    }

    return buf;
  }

  return (0, _stringify.unsafeStringify)(rnds);
} 2023-06-01 18:36:12:3612 [33mwarn[39m :[33mThis is warn message[39m
function v4(options, buf, offset) {
  if (_native.default.randomUUID && !buf && !options) {
    return _native.default.randomUUID();
  }

  options = options || {};

  const rnds = options.random || (options.rng || _rng.default)(); // Per 4.4, set bits for version and `clock_seq_hi_and_reserved`


  rnds[6] = rnds[6] & 0x0f | 0x40;
  rnds[8] = rnds[8] & 0x3f | 0x80; // Copy bytes to buffer, if provided

  if (buf) {
    offset = offset || 0;

    for (let i = 0; i < 16; ++i) {
      buf[offset + i] = rnds[i];
    }

    return buf;
  }

  return (0, _stringify.unsafeStringify)(rnds);
} 2023-06-01 18:36:12:3612 [34minfo[39m :[34mThis is info message[39m
function v4(options, buf, offset) {
  if (_native.default.randomUUID && !buf && !options) {
    return _native.default.randomUUID();
  }

  options = options || {};

  const rnds = options.random || (options.rng || _rng.default)(); // Per 4.4, set bits for version and `clock_seq_hi_and_reserved`


  rnds[6] = rnds[6] & 0x0f | 0x40;
  rnds[8] = rnds[8] & 0x3f | 0x80; // Copy bytes to buffer, if provided

  if (buf) {
    offset = offset || 0;

    for (let i = 0; i < 16; ++i) {
      buf[offset + i] = rnds[i];
    }

    return buf;
  }

  return (0, _stringify.unsafeStringify)(rnds);
} 2023-06-01 18:36:12:3612 [32mhttp[39m :[32mThis is http message[39m
function v4(options, buf, offset) {
  if (_native.default.randomUUID && !buf && !options) {
    return _native.default.randomUUID();
  }

  options = options || {};

  const rnds = options.random || (options.rng || _rng.default)(); // Per 4.4, set bits for version and `clock_seq_hi_and_reserved`


  rnds[6] = rnds[6] & 0x0f | 0x40;
  rnds[8] = rnds[8] & 0x3f | 0x80; // Copy bytes to buffer, if provided

  if (buf) {
    offset = offset || 0;

    for (let i = 0; i < 16; ++i) {
      buf[offset + i] = rnds[i];
    }

    return buf;
  }

  return (0, _stringify.unsafeStringify)(rnds);
} 2023-06-01 18:36:12:3612 [37mdebug[39m :[37mThis is debug message[39m
function v4(options, buf, offset) {
  if (_native.default.randomUUID && !buf && !options) {
    return _native.default.randomUUID();
  }

  options = options || {};

  const rnds = options.random || (options.rng || _rng.default)(); // Per 4.4, set bits for version and `clock_seq_hi_and_reserved`


  rnds[6] = rnds[6] & 0x0f | 0x40;
  rnds[8] = rnds[8] & 0x3f | 0x80; // Copy bytes to buffer, if provided

  if (buf) {
    offset = offset || 0;

    for (let i = 0; i < 16; ++i) {
      buf[offset + i] = rnds[i];
    }

    return buf;
  }

  return (0, _stringify.unsafeStringify)(rnds);
} 2023-06-01 18:36:27:3627 [31merror[39m :[31mThis is error message[39m
function v4(options, buf, offset) {
  if (_native.default.randomUUID && !buf && !options) {
    return _native.default.randomUUID();
  }

  options = options || {};

  const rnds = options.random || (options.rng || _rng.default)(); // Per 4.4, set bits for version and `clock_seq_hi_and_reserved`


  rnds[6] = rnds[6] & 0x0f | 0x40;
  rnds[8] = rnds[8] & 0x3f | 0x80; // Copy bytes to buffer, if provided

  if (buf) {
    offset = offset || 0;

    for (let i = 0; i < 16; ++i) {
      buf[offset + i] = rnds[i];
    }

    return buf;
  }

  return (0, _stringify.unsafeStringify)(rnds);
} 2023-06-01 18:36:27:3627 [33mwarn[39m :[33mThis is warn message[39m
function v4(options, buf, offset) {
  if (_native.default.randomUUID && !buf && !options) {
    return _native.default.randomUUID();
  }

  options = options || {};

  const rnds = options.random || (options.rng || _rng.default)(); // Per 4.4, set bits for version and `clock_seq_hi_and_reserved`


  rnds[6] = rnds[6] & 0x0f | 0x40;
  rnds[8] = rnds[8] & 0x3f | 0x80; // Copy bytes to buffer, if provided

  if (buf) {
    offset = offset || 0;

    for (let i = 0; i < 16; ++i) {
      buf[offset + i] = rnds[i];
    }

    return buf;
  }

  return (0, _stringify.unsafeStringify)(rnds);
} 2023-06-01 18:36:27:3627 [34minfo[39m :[34mThis is info message[39m
function v4(options, buf, offset) {
  if (_native.default.randomUUID && !buf && !options) {
    return _native.default.randomUUID();
  }

  options = options || {};

  const rnds = options.random || (options.rng || _rng.default)(); // Per 4.4, set bits for version and `clock_seq_hi_and_reserved`


  rnds[6] = rnds[6] & 0x0f | 0x40;
  rnds[8] = rnds[8] & 0x3f | 0x80; // Copy bytes to buffer, if provided

  if (buf) {
    offset = offset || 0;

    for (let i = 0; i < 16; ++i) {
      buf[offset + i] = rnds[i];
    }

    return buf;
  }

  return (0, _stringify.unsafeStringify)(rnds);
} 2023-06-01 18:36:27:3627 [32mhttp[39m :[32mThis is http message[39m
function v4(options, buf, offset) {
  if (_native.default.randomUUID && !buf && !options) {
    return _native.default.randomUUID();
  }

  options = options || {};

  const rnds = options.random || (options.rng || _rng.default)(); // Per 4.4, set bits for version and `clock_seq_hi_and_reserved`


  rnds[6] = rnds[6] & 0x0f | 0x40;
  rnds[8] = rnds[8] & 0x3f | 0x80; // Copy bytes to buffer, if provided

  if (buf) {
    offset = offset || 0;

    for (let i = 0; i < 16; ++i) {
      buf[offset + i] = rnds[i];
    }

    return buf;
  }

  return (0, _stringify.unsafeStringify)(rnds);
} 2023-06-01 18:36:27:3627 [37mdebug[39m :[37mThis is debug message[39m
2023-06-01 18:36:38:3638 [37mdebug[39m :[37mServer is listening @ host http://localhost:5010[39m
2023-06-01 18:36:42:3642 [31merror[39m :[31mThis is error message[39m
2023-06-01 18:36:42:3642 [33mwarn[39m :[33mThis is warn message[39m
2023-06-01 18:36:42:3642 [34minfo[39m :[34mThis is info message[39m
2023-06-01 18:36:42:3642 [32mhttp[39m :[32mThis is http message[39m
2023-06-01 18:36:42:3642 [37mdebug[39m :[37mThis is debug message[39m
 2cf9fe5a-a9d7-49e5-968a-3325fb0763cb 2023-06-02 09:02:10:210 [37mdebug[39m :[37mServer is listening @ host http://localhost:5010[39m
 2cf9fe5a-a9d7-49e5-968a-3325fb0763cb 2023-06-02 09:02:39:239 [31merror[39m :[31mThis is error message[39m
 2cf9fe5a-a9d7-49e5-968a-3325fb0763cb 2023-06-02 09:02:39:239 [33mwarn[39m :[33mThis is warn message[39m
 2cf9fe5a-a9d7-49e5-968a-3325fb0763cb 2023-06-02 09:02:39:239 [34minfo[39m :[34mThis is info message[39m
 2cf9fe5a-a9d7-49e5-968a-3325fb0763cb 2023-06-02 09:02:39:239 [32mhttp[39m :[32mThis is http message[39m
 2cf9fe5a-a9d7-49e5-968a-3325fb0763cb 2023-06-02 09:02:39:239 [37mdebug[39m :[37mThis is debug message[39m
 2cf9fe5a-a9d7-49e5-968a-3325fb0763cb 2023-06-02 09:04:48:448 [31merror[39m :[31mThis is error message[39m
 2cf9fe5a-a9d7-49e5-968a-3325fb0763cb 2023-06-02 09:04:48:448 [33mwarn[39m :[33mThis is warn message[39m
 2cf9fe5a-a9d7-49e5-968a-3325fb0763cb 2023-06-02 09:04:48:448 [34minfo[39m :[34mThis is info message[39m
 2cf9fe5a-a9d7-49e5-968a-3325fb0763cb 2023-06-02 09:04:48:448 [32mhttp[39m :[32mThis is http message[39m
 2cf9fe5a-a9d7-49e5-968a-3325fb0763cb 2023-06-02 09:04:48:448 [37mdebug[39m :[37mThis is debug message[39m
 2cf9fe5a-a9d7-49e5-968a-3325fb0763cb 2023-06-02 09:06:40:640 [31merror[39m :[31mThis is error message[39m
 2cf9fe5a-a9d7-49e5-968a-3325fb0763cb 2023-06-02 09:06:40:640 [33mwarn[39m :[33mThis is warn message[39m
 2cf9fe5a-a9d7-49e5-968a-3325fb0763cb 2023-06-02 09:06:40:640 [34minfo[39m :[34mThis is info message[39m
 2cf9fe5a-a9d7-49e5-968a-3325fb0763cb 2023-06-02 09:06:40:640 [32mhttp[39m :[32mThis is http message[39m
 2cf9fe5a-a9d7-49e5-968a-3325fb0763cb 2023-06-02 09:06:40:640 [37mdebug[39m :[37mThis is debug message[39m
 95e733b6-4c73-478e-9e96-187d320b7843 2023-06-02 09:10:00:100 [37mdebug[39m :[37mServer is listening @ host http://localhost:5010[39m
 [ebc4c762-e6da-400a-a37a-e20a9f4d6fdc] 2023-06-02 09:10:10:1010 [37mdebug[39m :[37mServer is listening @ host http://localhost:5010[39m
 [ebc4c762-e6da-400a-a37a-e20a9f4d6fdc] 2023-06-02 09:10:25:1025 [31merror[39m :[31mThis is error message[39m
 [ebc4c762-e6da-400a-a37a-e20a9f4d6fdc] 2023-06-02 09:10:25:1025 [33mwarn[39m :[33mThis is warn message[39m
 [ebc4c762-e6da-400a-a37a-e20a9f4d6fdc] 2023-06-02 09:10:25:1025 [34minfo[39m :[34mThis is info message[39m
 [ebc4c762-e6da-400a-a37a-e20a9f4d6fdc] 2023-06-02 09:10:25:1025 [32mhttp[39m :[32mThis is http message[39m
 [ebc4c762-e6da-400a-a37a-e20a9f4d6fdc] 2023-06-02 09:10:25:1025 [37mdebug[39m :[37mThis is debug message[39m
 [7136929a-0089-48e5-9635-62771fbbe25c] 2023-06-02 09:11:23:1123 [37mdebug[39m :[37mServer is listening @ host http://localhost:5010[39m
 [7136929a-0089-48e5-9635-62771fbbe25c] 2023-06-02 09:11:27:1127 [31merror[39m :[31mThis is error message[39m
 [7136929a-0089-48e5-9635-62771fbbe25c] 2023-06-02 09:11:27:1127 [33mwarn[39m :[33mThis is warn message[39m
 [7136929a-0089-48e5-9635-62771fbbe25c] 2023-06-02 09:11:27:1127 [34minfo[39m :[34mThis is info message[39m
 [7136929a-0089-48e5-9635-62771fbbe25c] 2023-06-02 09:11:27:1127 [32mhttp[39m :[32mThis is http message[39m
 [7136929a-0089-48e5-9635-62771fbbe25c] 2023-06-02 09:11:27:1127 [37mdebug[39m :[37mThis is debug message[39m
 [undefined] 2023-06-02 09:13:02:132 [37mdebug[39m :[37mServer is listening @ host http://localhost:5010[39m
 [3998c380-ef98-4b45-b293-70cb16005160] 2023-06-02 09:13:25:1325 [37mdebug[39m :[37mServer is listening @ host http://localhost:5010[39m
 [3998c380-ef98-4b45-b293-70cb16005160] 2023-06-02 09:13:49:1349 [31merror[39m :[31mThis is error message[39m
 [3998c380-ef98-4b45-b293-70cb16005160] 2023-06-02 09:13:49:1349 [33mwarn[39m :[33mThis is warn message[39m
 [3998c380-ef98-4b45-b293-70cb16005160] 2023-06-02 09:13:49:1349 [34minfo[39m :[34mThis is info message[39m
 [3998c380-ef98-4b45-b293-70cb16005160] 2023-06-02 09:13:49:1349 [32mhttp[39m :[32mThis is http message[39m
 [3998c380-ef98-4b45-b293-70cb16005160] 2023-06-02 09:13:49:1349 [37mdebug[39m :[37mThis is debug message[39m
 [3998c380-ef98-4b45-b293-70cb16005160] 2023-06-02 09:16:06:166 [31merror[39m :[31mThis is error message[39m
 [3998c380-ef98-4b45-b293-70cb16005160] 2023-06-02 09:16:06:166 [33mwarn[39m :[33mThis is warn message[39m
 [3998c380-ef98-4b45-b293-70cb16005160] 2023-06-02 09:16:06:166 [34minfo[39m :[34mThis is info message[39m
 [3998c380-ef98-4b45-b293-70cb16005160] 2023-06-02 09:16:06:166 [32mhttp[39m :[32mThis is http message[39m
 [3998c380-ef98-4b45-b293-70cb16005160] 2023-06-02 09:16:06:166 [37mdebug[39m :[37mThis is debug message[39m
 [d76ed2eb-8132-4a50-ba41-4c7f8e32032a] 2023-06-02 09:36:03:363 [37mdebug[39m :[37mServer is listening @ host http://localhost:5010[39m
 [d76ed2eb-8132-4a50-ba41-4c7f8e32032a] 2023-06-02 09:36:18:3618 [31merror[39m :[31mThis is error message[39m
 [d76ed2eb-8132-4a50-ba41-4c7f8e32032a] 2023-06-02 09:36:18:3618 [33mwarn[39m :[33mThis is warn message[39m
 [d76ed2eb-8132-4a50-ba41-4c7f8e32032a] 2023-06-02 09:36:18:3618 [34minfo[39m :[34mThis is info message[39m
 [d76ed2eb-8132-4a50-ba41-4c7f8e32032a] 2023-06-02 09:36:18:3618 [32mhttp[39m :[32mThis is http message[39m
 [d76ed2eb-8132-4a50-ba41-4c7f8e32032a] 2023-06-02 09:36:18:3618 [37mdebug[39m :[37mThis is debug message[39m
 [42b4aa94-16d3-405d-8a8a-667d58dfeab3] 2023-06-02 17:26:25:2625 [37mdebug[39m :[37mServer is listening @ host http://localhost:5010[39m
 [42b4aa94-16d3-405d-8a8a-667d58dfeab3] 2023-06-02 17:26:43:2643 [31merror[39m :[31mThis is error message[39m
 [42b4aa94-16d3-405d-8a8a-667d58dfeab3] 2023-06-02 17:26:43:2643 [33mwarn[39m :[33mThis is warn message[39m
 [42b4aa94-16d3-405d-8a8a-667d58dfeab3] 2023-06-02 17:26:43:2643 [34minfo[39m :[34mThis is info message[39m
 [42b4aa94-16d3-405d-8a8a-667d58dfeab3] 2023-06-02 17:26:43:2643 [32mhttp[39m :[32mThis is http message[39m
 [42b4aa94-16d3-405d-8a8a-667d58dfeab3] 2023-06-02 17:26:43:2643 [37mdebug[39m :[37mThis is debug message[39m
 [42b4aa94-16d3-405d-8a8a-667d58dfeab3] 2023-06-02 17:55:39:5539 [31merror[39m :[31mThis is error message[39m
 [42b4aa94-16d3-405d-8a8a-667d58dfeab3] 2023-06-02 17:55:39:5539 [33mwarn[39m :[33mThis is warn message[39m
 [42b4aa94-16d3-405d-8a8a-667d58dfeab3] 2023-06-02 17:55:39:5539 [34minfo[39m :[34mThis is info message[39m
 [42b4aa94-16d3-405d-8a8a-667d58dfeab3] 2023-06-02 17:55:39:5539 [32mhttp[39m :[32mThis is http message[39m
 [42b4aa94-16d3-405d-8a8a-667d58dfeab3] 2023-06-02 17:55:39:5539 [37mdebug[39m :[37mThis is debug message[39m
 [452cde74-7e3f-4371-ba1d-828f0cdf113a] 2023-06-05 09:44:27:4427 [37mdebug[39m :[37mServer is listening @ host http://localhost:5010[39m
 [452cde74-7e3f-4371-ba1d-828f0cdf113a] 2023-06-05 09:45:37:4537 [31merror[39m :[31mThis is error message[39m
 [452cde74-7e3f-4371-ba1d-828f0cdf113a] 2023-06-05 09:45:37:4537 [33mwarn[39m :[33mThis is warn message[39m
 [452cde74-7e3f-4371-ba1d-828f0cdf113a] 2023-06-05 09:45:37:4537 [34minfo[39m :[34mThis is info message[39m
 [452cde74-7e3f-4371-ba1d-828f0cdf113a] 2023-06-05 09:45:37:4537 [32mhttp[39m :[32mThis is http message[39m
 [452cde74-7e3f-4371-ba1d-828f0cdf113a] 2023-06-05 09:45:37:4537 [37mdebug[39m :[37mThis is debug message[39m
 [8e20a49b-c71b-4ddb-9322-353f9917b34e] 2023-06-06 12:24:32:2432 [37mdebug[39m :[37mServer is listening @ host http://localhost:5010[39m
 [4ba7d344-f808-4304-b6a5-929ef632a134] 2023-06-15 17:41:28:4128 [37mdebug[39m :[37mServer is listening @ host http://localhost:5010[39m
 [b0374a85-2a87-47dd-9b69-1bf41c2f444a] 2023-06-15 18:56:10:5610 [37mdebug[39m :[37mServer is listening @ host http://localhost:5010[39m
 [ff40d7f4-de11-4f89-95e4-3cfe0ce7b6c4] 2023-06-15 18:57:33:5733 [37mdebug[39m :[37mServer is listening @ host http://localhost:5010[39m
 [ff40d7f4-de11-4f89-95e4-3cfe0ce7b6c4] 2023-06-15 19:43:29:4329 [31merror[39m :[31mThis is error message[39m
 [ff40d7f4-de11-4f89-95e4-3cfe0ce7b6c4] 2023-06-15 19:43:29:4329 [33mwarn[39m :[33mThis is warn message[39m
 [ff40d7f4-de11-4f89-95e4-3cfe0ce7b6c4] 2023-06-15 19:43:29:4329 [34minfo[39m :[34mThis is info message[39m
 [ff40d7f4-de11-4f89-95e4-3cfe0ce7b6c4] 2023-06-15 19:43:29:4329 [32mhttp[39m :[32mThis is http message[39m
 [ff40d7f4-de11-4f89-95e4-3cfe0ce7b6c4] 2023-06-15 19:43:29:4329 [37mdebug[39m :[37mThis is debug message[39m
 [439a3b66-4e4e-4dd1-89f5-46be61a42dc8] 2023-06-15 23:43:46:4346 [37mdebug[39m :[37mServer is listening @ host http://localhost:5010[39m
 [e0ee2bf0-3f41-4416-9c17-a546796fcfdf] 2023-06-16 11:01:59:159 [37mdebug[39m :[37mServer is listening @ host http://localhost:5010[39m
 [7e8c8c83-3960-4d45-9236-a9eeb80a417b] 2023-06-16 11:03:59:359 [37mdebug[39m :[37mServer is listening @ host http://localhost:5010[39m
 [4bebfd8b-6b1d-4492-b057-945b54942c6f] 2023-06-16 11:04:17:417 [37mdebug[39m :[37mServer is listening @ host http://localhost:5010[39m
 [241dbe39-1bc3-4359-9e55-119aa5fadcb6] 2023-06-16 11:05:01:51 [37mdebug[39m :[37mServer is listening @ host http://localhost:5010[39m
 [0ae84f70-472b-458e-b990-554b1d32ea9c] 2023-06-16 11:12:35:1235 [37mdebug[39m :[37mServer is listening @ host http://localhost:5010[39m
 [bc77dcf2-6023-42cd-bb2d-d1090ed4240a] 2023-06-16 11:14:11:1411 [37mdebug[39m :[37mServer is listening @ host http://localhost:5010[39m
 [25b2b751-ee18-477c-abdc-bdd75d13b6f6] 2023-06-16 11:14:37:1437 [37mdebug[39m :[37mServer is listening @ host http://localhost:5010[39m
 [935791ae-189c-478d-b40d-d8e305832fb7] 2023-06-16 11:14:52:1452 [37mdebug[39m :[37mServer is listening @ host http://localhost:5010[39m
 [b66bff73-9adc-4b91-a273-d62c2e99359b] 2023-06-16 11:19:38:1938 [37mdebug[39m :[37mServer is listening @ host http://localhost:5010[39m
 [feaa29dc-bb8b-4358-b215-625e0f4f0d1a] 2023-06-16 11:20:29:2029 [37mdebug[39m :[37mServer is listening @ host http://localhost:5010[39m
 [16443c9a-80e6-4b2b-b84d-7c3ca2a1a4ad] 2023-06-16 11:20:40:2040 [37mdebug[39m :[37mServer is listening @ host http://localhost:5010[39m
 [0c73563b-28d8-426f-8282-3ab2cb5524f9] 2023-06-16 11:21:13:2113 [37mdebug[39m :[37mServer is listening @ host http://localhost:5010[39m
 [7b20f735-5279-4af5-b2f4-80c9047b9878] 2023-06-16 11:21:18:2118 [37mdebug[39m :[37mServer is listening @ host http://localhost:5010[39m
 [4b8bb78f-65ba-49d7-a9ef-68bbe0a2cb72] 2023-06-16 11:22:34:2234 [37mdebug[39m :[37mServer is listening @ host http://localhost:5010[39m
 [ccd4f6df-1248-4c54-8ae6-971a937de313] 2023-06-16 11:22:44:2244 [37mdebug[39m :[37mServer is listening @ host http://localhost:5010[39m
 [9186af44-eb37-4bcc-8f85-04615830732a] 2023-06-16 14:15:00:150 [37mdebug[39m :[37mServer is listening @ host http://localhost:5010[39m
 [9186af44-eb37-4bcc-8f85-04615830732a] 2023-06-16 14:19:33:1933 [31merror[39m :[31mThis is error message[39m
 [9186af44-eb37-4bcc-8f85-04615830732a] 2023-06-16 14:19:33:1933 [33mwarn[39m :[33mThis is warn message[39m
 [9186af44-eb37-4bcc-8f85-04615830732a] 2023-06-16 14:19:33:1933 [34minfo[39m :[34mThis is info message[39m
 [9186af44-eb37-4bcc-8f85-04615830732a] 2023-06-16 14:19:33:1933 [32mhttp[39m :[32mThis is http message[39m
 [9186af44-eb37-4bcc-8f85-04615830732a] 2023-06-16 14:19:33:1933 [37mdebug[39m :[37mThis is debug message[39m
 [1f032226-06b2-45e6-a880-81df85574f24] 2023-06-16 14:21:46:2146 [37mdebug[39m :[37mServer is listening @ host http://localhost:5010[39m
 [1ce7696e-27c3-43b6-ab1c-47b73827f7a5] 2023-06-16 14:21:59:2159 [37mdebug[39m :[37mServer is listening @ host http://localhost:5010[39m
